<?xml version="1.0" encoding="UTF-8"?>
<!-- Generated by org.testng.reporters.JUnitXMLReporter -->
<testsuite ignored="17" hostname="DESKTOP-I7HIKM2" failures="1" tests="1" name="Default test" time="0.21" errors="0" timestamp="2024-06-13T18:30:11 IST">
  <testcase classname="Test.define_reportTest" name="check_allcheckbox_functionality" time="0.055">
    <failure type="org.openqa.selenium.NoSuchElementException" message="no such element: Unable to locate element: {&amp;quot;method&amp;quot;:&amp;quot;xpath&amp;quot;,&amp;quot;selector&amp;quot;:&amp;quot;//input[@name=&amp;apos;allCheck&amp;apos;]&amp;quot;}
  (Session info: chrome=126.0.6478.56)
For documentation on this error, please visit: https://www.selenium.dev/documentation/webdriver/troubleshooting/errors#no-such-element-exception
Build info: version: &amp;apos;4.21.0&amp;apos;, revision: &amp;apos;79ed462ef4&amp;apos;
System info: os.name: &amp;apos;Windows 10&amp;apos;, os.arch: &amp;apos;amd64&amp;apos;, os.version: &amp;apos;10.0&amp;apos;, java.version: &amp;apos;21.0.2&amp;apos;
Driver info: org.openqa.selenium.chrome.ChromeDriver
Command: [1afe641a03d88f644ff52b73467bbcb2, findElement {using=xpath, value=//input[@name=&amp;apos;allCheck&amp;apos;]}]
Capabilities {acceptInsecureCerts: false, browserName: chrome, browserVersion: 126.0.6478.56, chrome: {chromedriverVersion: 126.0.6478.55 (7616ff175414..., userDataDir: C:\Users\ACER\AppData\Local...}, fedcm:accounts: true, goog:chromeOptions: {debuggerAddress: localhost:51829}, networkConnectionEnabled: false, pageLoadStrategy: normal, platformName: windows, proxy: Proxy(), se:cdp: ws://localhost:51829/devtoo..., se:cdpVersion: 126.0.6478.56, setWindowRect: true, strictFileInteractability: false, timeouts: {implicit: 0, pageLoad: 300000, script: 30000}, unhandledPromptBehavior: dismiss and notify, webauthn:extension:credBlob: true, webauthn:extension:largeBlob: true, webauthn:extension:minPinLength: true, webauthn:extension:prf: true, webauthn:virtualAuthenticators: true}
Session ID: 1afe641a03d88f644ff52b73467bbcb2">
      <![CDATA[org.openqa.selenium.NoSuchElementException: no such element: Unable to locate element: {"method":"xpath","selector":"//input[@name='allCheck']"}
  (Session info: chrome=126.0.6478.56)
For documentation on this error, please visit: https://www.selenium.dev/documentation/webdriver/troubleshooting/errors#no-such-element-exception
Build info: version: '4.21.0', revision: '79ed462ef4'
System info: os.name: 'Windows 10', os.arch: 'amd64', os.version: '10.0', java.version: '21.0.2'
Driver info: org.openqa.selenium.chrome.ChromeDriver
Command: [1afe641a03d88f644ff52b73467bbcb2, findElement {using=xpath, value=//input[@name='allCheck']}]
Capabilities {acceptInsecureCerts: false, browserName: chrome, browserVersion: 126.0.6478.56, chrome: {chromedriverVersion: 126.0.6478.55 (7616ff175414..., userDataDir: C:\Users\ACER\AppData\Local...}, fedcm:accounts: true, goog:chromeOptions: {debuggerAddress: localhost:51829}, networkConnectionEnabled: false, pageLoadStrategy: normal, platformName: windows, proxy: Proxy(), se:cdp: ws://localhost:51829/devtoo..., se:cdpVersion: 126.0.6478.56, setWindowRect: true, strictFileInteractability: false, timeouts: {implicit: 0, pageLoad: 300000, script: 30000}, unhandledPromptBehavior: dismiss and notify, webauthn:extension:credBlob: true, webauthn:extension:largeBlob: true, webauthn:extension:minPinLength: true, webauthn:extension:prf: true, webauthn:virtualAuthenticators: true}
Session ID: 1afe641a03d88f644ff52b73467bbcb2
at java.base/jdk.internal.reflect.DirectConstructorHandleAccessor.newInstance(DirectConstructorHandleAccessor.java:62)
at java.base/java.lang.reflect.Constructor.newInstanceWithCaller(Constructor.java:502)
at java.base/java.lang.reflect.Constructor.newInstance(Constructor.java:486)
at org.openqa.selenium.remote.ErrorCodec.decode(ErrorCodec.java:167)
at org.openqa.selenium.remote.codec.w3c.W3CHttpResponseCodec.decode(W3CHttpResponseCodec.java:138)
at org.openqa.selenium.remote.codec.w3c.W3CHttpResponseCodec.decode(W3CHttpResponseCodec.java:50)
at org.openqa.selenium.remote.HttpCommandExecutor.execute(HttpCommandExecutor.java:190)
at org.openqa.selenium.remote.service.DriverCommandExecutor.invokeExecute(DriverCommandExecutor.java:216)
at org.openqa.selenium.remote.service.DriverCommandExecutor.execute(DriverCommandExecutor.java:174)
at org.openqa.selenium.remote.RemoteWebDriver.execute(RemoteWebDriver.java:518)
at org.openqa.selenium.remote.ElementLocation$ElementFinder$2.findElement(ElementLocation.java:165)
at org.openqa.selenium.remote.ElementLocation.findElement(ElementLocation.java:59)
at org.openqa.selenium.remote.RemoteWebDriver.findElement(RemoteWebDriver.java:355)
at org.openqa.selenium.remote.RemoteWebDriver.findElement(RemoteWebDriver.java:349)
at org.openqa.selenium.support.pagefactory.DefaultElementLocator.findElement(DefaultElementLocator.java:68)
at org.openqa.selenium.support.pagefactory.internal.LocatingElementHandler.invoke(LocatingElementHandler.java:38)
at jdk.proxy2/jdk.proxy2.$Proxy11.click(Unknown Source)
at Pages.define_reportPage.click_on_allcheckbox_button(define_reportPage.java:68)
at Test.define_reportTest.check_allcheckbox_functionality(define_reportTest.java:117)
at java.base/jdk.internal.reflect.DirectMethodHandleAccessor.invoke(DirectMethodHandleAccessor.java:103)
at java.base/java.lang.reflect.Method.invoke(Method.java:580)
at org.testng.internal.invokers.MethodInvocationHelper.invokeMethod(MethodInvocationHelper.java:141)
at org.testng.internal.invokers.TestInvoker.invokeMethod(TestInvoker.java:686)
at org.testng.internal.invokers.TestInvoker.invokeTestMethod(TestInvoker.java:230)
at org.testng.internal.invokers.MethodRunner.runInSequence(MethodRunner.java:63)
at org.testng.internal.invokers.TestInvoker$MethodInvocationAgent.invoke(TestInvoker.java:992)
at org.testng.internal.invokers.TestInvoker.invokeTestMethods(TestInvoker.java:203)
at org.testng.internal.invokers.TestMethodWorker.invokeTestMethods(TestMethodWorker.java:154)
at org.testng.internal.invokers.TestMethodWorker.run(TestMethodWorker.java:134)
at java.base/java.util.ArrayList.forEach(ArrayList.java:1596)
at org.testng.TestRunner.privateRun(TestRunner.java:739)
at org.testng.TestRunner.run(TestRunner.java:614)
at org.testng.SuiteRunner.runTest(SuiteRunner.java:421)
at org.testng.SuiteRunner.runSequentially(SuiteRunner.java:413)
at org.testng.SuiteRunner.privateRun(SuiteRunner.java:373)
at org.testng.SuiteRunner.run(SuiteRunner.java:312)
at org.testng.SuiteRunnerWorker.runSuite(SuiteRunnerWorker.java:52)
at org.testng.SuiteRunnerWorker.run(SuiteRunnerWorker.java:95)
at org.testng.TestNG.runSuitesSequentially(TestNG.java:1274)
at org.testng.TestNG.runSuitesLocally(TestNG.java:1208)
at org.testng.TestNG.runSuites(TestNG.java:1112)
at org.testng.TestNG.run(TestNG.java:1079)
at org.testng.remote.AbstractRemoteTestNG.run(AbstractRemoteTestNG.java:115)
at org.testng.remote.RemoteTestNG.initAndRun(RemoteTestNG.java:293)
at org.testng.remote.RemoteTestNG.main(RemoteTestNG.java:91)
]]>
    </failure>
  </testcase> <!-- check_allcheckbox_functionality -->
  <testcase classname="Test.define_reportTest" name="check_searchfunctionality_invalid_NAME_credential" time="0.0">
    <ignored/>
  </testcase> <!-- check_searchfunctionality_invalid_NAME_credential -->
  <testcase classname="Test.define_reportTest" name="check_searchfunctionality_invalid_ID_credential" time="0.0">
    <ignored/>
  </testcase> <!-- check_searchfunctionality_invalid_ID_credential -->
  <testcase classname="Test.define_reportTest" name="check_searchfunctionality_withoutSearchBy_enterReportIDinSearchfor" time="0.0">
    <ignored/>
  </testcase> <!-- check_searchfunctionality_withoutSearchBy_enterReportIDinSearchfor -->
  <testcase classname="Test.define_reportTest" name="check_deletebutton_functionality" time="0.0">
    <ignored/>
  </testcase> <!-- check_deletebutton_functionality -->
  <testcase classname="Test.define_reportTest" name="check_searchfunctionality_withoutSearchBy_enterReportNameinSearchfor" time="0.0">
    <ignored/>
  </testcase> <!-- check_searchfunctionality_withoutSearchBy_enterReportNameinSearchfor -->
  <testcase classname="Test.define_reportTest" name="check_searchfor_functionality" time="0.0">
    <ignored/>
  </testcase> <!-- check_searchfor_functionality -->
  <testcase classname="Test.define_reportTest" name="check_particularcheckbox_functionality" time="0.0">
    <ignored/>
  </testcase> <!-- check_particularcheckbox_functionality -->
  <testcase classname="Test.define_reportTest" name="check_searchby_ID_functionality" time="0.0">
    <ignored/>
  </testcase> <!-- check_searchby_ID_functionality -->
  <testcase classname="Test.define_reportTest" name="check_functionality_of_ReportIDlink_by_click_ReportID" time="0.0">
    <ignored/>
  </testcase> <!-- check_functionality_of_ReportIDlink_by_click_ReportID -->
  <testcase classname="Test.define_reportTest" name="check_searchfunctionality_Validcredential" time="0.0">
    <ignored/>
  </testcase> <!-- check_searchfunctionality_Validcredential -->
  <testcase classname="Test.define_reportTest" name="Reset_functionality" time="0.0">
    <ignored/>
  </testcase> <!-- Reset_functionality -->
  <testcase classname="Test.define_reportTest" name="check_searchfunctionality_withoutinput" time="0.0">
    <ignored/>
  </testcase> <!-- check_searchfunctionality_withoutinput -->
  <testcase classname="Test.define_reportTest" name="check_backbutton_functionality" time="0.0">
    <ignored/>
  </testcase> <!-- check_backbutton_functionality -->
  <testcase classname="Test.define_reportTest" name="check_addbutton_functionality" time="0.0">
    <ignored/>
  </testcase> <!-- check_addbutton_functionality -->
  <testcase classname="Test.define_reportTest" name="check_searchfunctionality_Nameselect_onSearchBy_enterReportIDinSearchfor" time="0.0">
    <ignored/>
  </testcase> <!-- check_searchfunctionality_Nameselect_onSearchBy_enterReportIDinSearchfor -->
  <testcase classname="Test.define_reportTest" name="check_searchfunctionality_IDselect_onSearchBy_enterReportNameinSearchfor" time="0.0">
    <ignored/>
  </testcase> <!-- check_searchfunctionality_IDselect_onSearchBy_enterReportNameinSearchfor -->
  <testcase classname="Test.define_reportTest" name="check_searchby_name_functionality" time="0.0">
    <ignored/>
  </testcase> <!-- check_searchby_name_functionality -->
</testsuite> <!-- Default test -->
